<?xml version="1.0" encoding="UTF-8"?>
<!-- Generated by org.testng.reporters.JUnitReportReporter -->
<testsuite hostname="DESKTOP-DLOSR1I" failures="0" tests="5" name="testCases.TC003_LoginTestDDT" time="56.652" errors="0" timestamp="2024-11-07T15:51:35 IST" skipped="0">
  <testcase classname="testCases.TC003_LoginTestDDT" name="login_VerifyDDT" time="6.134"/>
  <system-out/>
  <testcase classname="testCases.TC003_LoginTestDDT" name="login_VerifyDDT" time="6.581"/>
  <system-out/>
  <testcase classname="testCases.TC003_LoginTestDDT" name="login_VerifyDDT" time="14.592"/>
  <system-out/>
  <testcase classname="testCases.TC003_LoginTestDDT" name="login_VerifyDDT" time="14.671"/>
  <system-out/>
  <testcase classname="testCases.TC003_LoginTestDDT" name="login_VerifyDDT" time="14.674"/>
  <system-out/>
</testsuite> <!-- testCases.TC003_LoginTestDDT -->
