<?xml version="1.0" encoding="UTF-8"?>
<!-- Generated by org.testng.reporters.JUnitReportReporter -->
<testsuite hostname="DESKTOP-DLOSR1I" failures="0" tests="1" name="testCases.Sample" time="53.568" errors="0" timestamp="2024-11-12T14:10:46 IST" skipped="0">
  <testcase classname="testCases.Sample" name="verify_Register" time="53.568"/>
  <system-out/>
</testsuite> <!-- testCases.Sample -->
