<?xml version="1.0" encoding="UTF-8"?>
<!-- Generated by org.testng.reporters.JUnitReportReporter -->
<testsuite hostname="DESKTOP-DLOSR1I" failures="0" tests="1" name="file.ComplexJsonRead" time="2.099" errors="0" timestamp="22 Nov 2024 09:59:18 GMT" skipped="0">
  <testcase classname="file.ComplexJsonRead" name="coursesTest" time="2.099"/>
</testsuite> <!-- file.ComplexJsonRead -->
