<?xml version="1.0" encoding="UTF-8"?>
<!-- Generated by org.testng.reporters.JUnitReportReporter -->
<testsuite hostname="DESKTOP-DLOSR1I" failures="0" tests="1" name="practice.SumValidation" time="2.639" errors="0" timestamp="22 Nov 2024 11:30:49 GMT" skipped="0">
  <testcase classname="practice.SumValidation" name="sumValidation" time="2.639"/>
</testsuite> <!-- practice.SumValidation -->
