<?xml version="1.0" encoding="UTF-8"?>
<!-- Generated by org.testng.reporters.JUnitReportReporter -->
<testsuite hostname="DESKTOP-DLOSR1I" failures="0" tests="3" name="testngpractice.groupingdependencypractice.SignUpTest" time="0.018" errors="0" timestamp="2024-10-27T13:15:55 IST" skipped="0">
  <testcase classname="testngpractice.groupingdependencypractice.SignUpTest" name="signUpByEmail" time="0.013"/>
  <testcase classname="testngpractice.groupingdependencypractice.SignUpTest" name="signUpByFaceBook" time="0.002"/>
  <testcase classname="testngpractice.groupingdependencypractice.SignUpTest" name="signUpByTwitter" time="0.003"/>
</testsuite> <!-- testngpractice.groupingdependencypractice.SignUpTest -->
