<?xml version="1.0" encoding="UTF-8"?>
<!-- Generated by org.testng.reporters.JUnitReportReporter -->
<testsuite hostname="DESKTOP-DLOSR1I" failures="0" tests="2" name="testngpractice.C1" time="0.011" errors="0" timestamp="2024-10-26T12:34:52 IST" skipped="0">
  <testcase classname="testngpractice.C1" name="test1" time="0.009"/>
  <testcase classname="testngpractice.C1" name="test1" time="0.002"/>
</testsuite> <!-- testngpractice.C1 -->
