<?xml version="1.0" encoding="UTF-8"?>
<!-- Generated by org.testng.reporters.JUnitReportReporter -->
<testsuite hostname="DESKTOP-DLOSR1I" failures="0" tests="1" name="pageobjectclasses.LoginTest" time="2.751" errors="0" timestamp="2024-11-02T16:49:11 IST" skipped="0">
  <testcase classname="pageobjectclasses.LoginTest" name="testLogin" time="2.751"/>
</testsuite> <!-- pageobjectclasses.LoginTest -->
