<?xml version="1.0" encoding="UTF-8"?>
<!-- Generated by org.testng.reporters.JUnitReportReporter -->
<testsuite hostname="DESKTOP-DLOSR1I" failures="0" tests="2" name="testngpractice.groupingdependencypractice.PayMentTest" time="0.018" errors="0" timestamp="2024-10-27T13:16:07 IST" skipped="0">
  <testcase classname="testngpractice.groupingdependencypractice.PayMentTest" name="paymentInRuppes" time="0.014"/>
  <testcase classname="testngpractice.groupingdependencypractice.PayMentTest" name="paymentInDollers" time="0.004"/>
</testsuite> <!-- testngpractice.groupingdependencypractice.PayMentTest -->
