<?xml version="1.0" encoding="UTF-8"?>
<!-- Generated by org.testng.reporters.JUnitReportReporter -->
<testsuite hostname="DESKTOP-DLOSR1I" failures="0" tests="2" name="testngpractice.PayMentTest" time="0.015" errors="0" timestamp="2024-10-27T13:45:09 IST" skipped="0">
  <testcase classname="testngpractice.PayMentTest" name="paymentInRuppes" time="0.013"/>
  <testcase classname="testngpractice.PayMentTest" name="paymentInDollers" time="0.002"/>
</testsuite> <!-- testngpractice.PayMentTest -->
