<?xml version="1.0" encoding="UTF-8"?>
<!-- Generated by org.testng.reporters.JUnitReportReporter -->
<testsuite hostname="DESKTOP-DLOSR1I" failures="0" tests="4" name="testngpractice.AnnotationsDemo1" time="0.022" errors="0" timestamp="2024-10-26T10:49:24 IST" skipped="0">
  <testcase classname="testngpractice.AnnotationsDemo1" name="openApplication" time="0.012"/>
  <testcase classname="testngpractice.AnnotationsDemo1" name="logintotheAPP" time="0.005"/>
  <testcase classname="testngpractice.AnnotationsDemo1" name="serachProduct" time="0.002"/>
  <testcase classname="testngpractice.AnnotationsDemo1" name="logoutFromApp" time="0.003"/>
</testsuite> <!-- testngpractice.AnnotationsDemo1 -->
