<?xml version="1.0" encoding="UTF-8"?>
<!-- Generated by org.testng.reporters.JUnitReportReporter -->
<testsuite hostname="DESKTOP-DLOSR1I" failures="0" tests="4" name="testngpractice.OrangeHRMTest" time="14.209" errors="0" timestamp="2024-10-26T12:00:18 IST" skipped="0">
  <testcase classname="testngpractice.OrangeHRMTest" name="openApp" time="8.876"/>
  <testcase classname="testngpractice.OrangeHRMTest" name="testlogo" time="3.072"/>
  <testcase classname="testngpractice.OrangeHRMTest" name="testlogin" time="0.371"/>
  <testcase classname="testngpractice.OrangeHRMTest" name="tearDown" time="1.890"/>
</testsuite> <!-- testngpractice.OrangeHRMTest -->
