<?xml version="1.0" encoding="UTF-8"?>
<!-- Generated by org.testng.reporters.JUnitReportReporter -->
<testsuite hostname="DESKTOP-DLOSR1I" failures="0" tests="3" name="testngpractice.SignUpTest" time="0.018" errors="0" timestamp="2024-10-27T13:42:13 IST" skipped="0">
  <testcase classname="testngpractice.SignUpTest" name="signUpByEmail" time="0.012"/>
  <testcase classname="testngpractice.SignUpTest" name="signUpByFaceBook" time="0.004"/>
  <testcase classname="testngpractice.SignUpTest" name="signUpByTwitter" time="0.002"/>
</testsuite> <!-- testngpractice.SignUpTest -->
