<?xml version="1.0" encoding="UTF-8"?>
<!-- Generated by org.testng.reporters.JUnitReportReporter -->
<testsuite hostname="DESKTOP-DLOSR1I" failures="0" tests="2" name="testngpractice.AnnotationsDemo3" time="0.015" errors="0" timestamp="2024-10-26T12:10:46 IST" skipped="0">
  <testcase classname="testngpractice.AnnotationsDemo3" name="searchtest" time="0.012"/>
  <testcase classname="testngpractice.AnnotationsDemo3" name="advancedSearchTest" time="0.003"/>
</testsuite> <!-- testngpractice.AnnotationsDemo3 -->
