<?xml version="1.0" encoding="UTF-8"?>
<!-- Generated by org.testng.reporters.JUnitReportReporter -->
<testsuite hostname="DESKTOP-DLOSR1I" failures="0" tests="3" name="testngpractice.groupingdependencypractice.LoginTest" time="0.023" errors="0" timestamp="2024-10-27T13:15:42 IST" skipped="0">
  <testcase classname="testngpractice.groupingdependencypractice.LoginTest" name="loginByEmail" time="0.016"/>
  <testcase classname="testngpractice.groupingdependencypractice.LoginTest" name="loginByFaceBook" time="0.005"/>
  <testcase classname="testngpractice.groupingdependencypractice.LoginTest" name="loginByTwitter" time="0.002"/>
</testsuite> <!-- testngpractice.groupingdependencypractice.LoginTest -->
