<?xml version="1.0" encoding="UTF-8"?>
<!-- Generated by org.testng.reporters.JUnitReportReporter -->
<testsuite hostname="DESKTOP-DLOSR1I" failures="0" tests="2" name="testngpractice.AllAnnotations" time="0.016" errors="0" timestamp="2024-10-26T12:36:32 IST" skipped="0">
  <testcase classname="testngpractice.AllAnnotations" name="tm1" time="0.011"/>
  <testcase classname="testngpractice.AllAnnotations" name="tm2" time="0.005"/>
</testsuite> <!-- testngpractice.AllAnnotations -->
