<?xml version="1.0" encoding="UTF-8"?>
<!-- Generated by org.testng.reporters.JUnitReportReporter -->
<testsuite hostname="DESKTOP-DLOSR1I" failures="0" tests="3" name="testngpractice.LoginTest" time="0.017" errors="0" timestamp="2024-10-27T13:41:24 IST" skipped="0">
  <testcase classname="testngpractice.LoginTest" name="loginByEmail" time="0.013"/>
  <testcase classname="testngpractice.LoginTest" name="loginByFaceBook" time="0.002"/>
  <testcase classname="testngpractice.LoginTest" name="loginByTwitter" time="0.002"/>
</testsuite> <!-- testngpractice.LoginTest -->
