<?xml version="1.0" encoding="UTF-8"?>
<!-- Generated by org.testng.reporters.JUnitReportReporter -->
<testsuite hostname="DESKTOP-DLOSR1I" failures="0" tests="2" name="testngpractice.AnnotationsDemo2" time="0.032" errors="0" timestamp="2024-10-26T12:07:09 IST" skipped="0">
  <testcase classname="testngpractice.AnnotationsDemo2" name="searchtest" time="0.013"/>
  <testcase classname="testngpractice.AnnotationsDemo2" name="advancedSearchTest" time="0.019"/>
</testsuite> <!-- testngpractice.AnnotationsDemo2 -->
